********************************************************************************
product = Open Liberty 19.0.0.4 (wlp-1.0.27.cl190420190419-0642)
wlp.install.dir = /home/simon/m226b-pa-bohler_wust/finish/back-end/target/liberty/wlp/
java.home = /usr/lib/jvm/java-8-openjdk-amd64/jre
java.version = 1.8.0_212
java.runtime = OpenJDK Runtime Environment (1.8.0_212-8u212-b03-0ubuntu1.16.04.1-b03)
os = Linux (4.15.0-34-generic; amd64) (de_CH)
process = 15993@Simoms
********************************************************************************
[22.05.19 21:25:28:103 MESZ] 00000001 com.ibm.ws.kernel.launch.internal.FrameworkManager           A CWWKE0001I: Der Server defaultServer wurde gestartet.
[22.05.19 21:25:28:675 MESZ] 00000001 com.ibm.ws.kernel.launch.internal.FrameworkManager           I CWWKE0002I: Der Kernel wurde nach  0.675 Sekunden gestartet.
[22.05.19 21:25:28:697 MESZ] 0000001b com.ibm.ws.kernel.feature.internal.FeatureManager            I CWWKF0007I: Die Featureaktualisierung wurde gestartet.
[22.05.19 21:25:28:955 MESZ] 00000012 com.ibm.ws.app.manager.internal.monitor.DropinMonitor        A CWWKZ0058I: dropins auf Anwendungen überwachen.
[22.05.19 21:25:29:156 MESZ] 0000001e com.ibm.ws.tcpchannel.internal.TCPChannel                    I CWWKO0219I: Der TCP-Kanal defaultHttpEndpoint wurde gestartet und ist jetzt für Anforderungen auf dem Host *  (IPv6) an Port 9000 empfangsbereit.
[22.05.19 21:25:29:501 MESZ] 00000025 com.ibm.ws.app.manager.AppMessageHelper                      I CWWKZ0018I: Die Anwendung rest wird gestartet.
[22.05.19 21:25:29:556 MESZ] 00000025 m.ibm.ws.container.service.app.deploy.ManifestClassPathUtils W SRVE9967W: Der Manifestklassenpfad jaxb-api.jar wurde weder in der JAR-Datei file:/home/simon/.m2/repository/com/sun/xml/bind/jaxb-core/2.3.0.1/jaxb-core-2.3.0.1.jar noch in deren übergeordneten Dateien gefunden.
[22.05.19 21:25:29:567 MESZ] 00000025 m.ibm.ws.container.service.app.deploy.ManifestClassPathUtils W SRVE9967W: Der Manifestklassenpfad jaxb-runtime-2.3.2.jar wurde weder in der JAR-Datei file:/home/simon/.m2/repository/com/sun/xml/bind/jaxb-impl/2.3.2/jaxb-impl-2.3.2.jar noch in deren übergeordneten Dateien gefunden.
[22.05.19 21:25:29:567 MESZ] 00000025 m.ibm.ws.container.service.app.deploy.ManifestClassPathUtils W SRVE9967W: Der Manifestklassenpfad txw2-2.3.2.jar wurde weder in der JAR-Datei file:/home/simon/.m2/repository/com/sun/xml/bind/jaxb-impl/2.3.2/jaxb-impl-2.3.2.jar noch in deren übergeordneten Dateien gefunden.
[22.05.19 21:25:29:568 MESZ] 00000025 m.ibm.ws.container.service.app.deploy.ManifestClassPathUtils W SRVE9967W: Der Manifestklassenpfad istack-commons-runtime-3.0.8.jar wurde weder in der JAR-Datei file:/home/simon/.m2/repository/com/sun/xml/bind/jaxb-impl/2.3.2/jaxb-impl-2.3.2.jar noch in deren übergeordneten Dateien gefunden.
[22.05.19 21:25:29:568 MESZ] 00000025 m.ibm.ws.container.service.app.deploy.ManifestClassPathUtils W SRVE9967W: Der Manifestklassenpfad stax-ex-1.8.1.jar wurde weder in der JAR-Datei file:/home/simon/.m2/repository/com/sun/xml/bind/jaxb-impl/2.3.2/jaxb-impl-2.3.2.jar noch in deren übergeordneten Dateien gefunden.
[22.05.19 21:25:29:568 MESZ] 00000025 m.ibm.ws.container.service.app.deploy.ManifestClassPathUtils W SRVE9967W: Der Manifestklassenpfad FastInfoset-1.2.16.jar wurde weder in der JAR-Datei file:/home/simon/.m2/repository/com/sun/xml/bind/jaxb-impl/2.3.2/jaxb-impl-2.3.2.jar noch in deren übergeordneten Dateien gefunden.
[22.05.19 21:25:29:569 MESZ] 00000025 m.ibm.ws.container.service.app.deploy.ManifestClassPathUtils W SRVE9967W: Der Manifestklassenpfad jakarta.activation-api-1.2.1.jar wurde weder in der JAR-Datei file:/home/simon/.m2/repository/com/sun/xml/bind/jaxb-impl/2.3.2/jaxb-impl-2.3.2.jar noch in deren übergeordneten Dateien gefunden.
[22.05.19 21:25:29:654 MESZ] 00000025 m.ibm.ws.container.service.app.deploy.ManifestClassPathUtils W SRVE9967W: Der Manifestklassenpfad jaxb-api.jar wurde weder in der JAR-Datei file:/home/simon/.m2/repository/com/sun/xml/bind/jaxb-core/2.3.0.1/jaxb-core-2.3.0.1.jar noch in deren übergeordneten Dateien gefunden.
[22.05.19 21:25:29:655 MESZ] 00000025 m.ibm.ws.container.service.app.deploy.ManifestClassPathUtils W SRVE9967W: Der Manifestklassenpfad jaxb-runtime-2.3.2.jar wurde weder in der JAR-Datei file:/home/simon/.m2/repository/com/sun/xml/bind/jaxb-impl/2.3.2/jaxb-impl-2.3.2.jar noch in deren übergeordneten Dateien gefunden.
[22.05.19 21:25:29:656 MESZ] 00000025 m.ibm.ws.container.service.app.deploy.ManifestClassPathUtils W SRVE9967W: Der Manifestklassenpfad txw2-2.3.2.jar wurde weder in der JAR-Datei file:/home/simon/.m2/repository/com/sun/xml/bind/jaxb-impl/2.3.2/jaxb-impl-2.3.2.jar noch in deren übergeordneten Dateien gefunden.
[22.05.19 21:25:29:656 MESZ] 00000025 m.ibm.ws.container.service.app.deploy.ManifestClassPathUtils W SRVE9967W: Der Manifestklassenpfad istack-commons-runtime-3.0.8.jar wurde weder in der JAR-Datei file:/home/simon/.m2/repository/com/sun/xml/bind/jaxb-impl/2.3.2/jaxb-impl-2.3.2.jar noch in deren übergeordneten Dateien gefunden.
[22.05.19 21:25:29:656 MESZ] 00000025 m.ibm.ws.container.service.app.deploy.ManifestClassPathUtils W SRVE9967W: Der Manifestklassenpfad stax-ex-1.8.1.jar wurde weder in der JAR-Datei file:/home/simon/.m2/repository/com/sun/xml/bind/jaxb-impl/2.3.2/jaxb-impl-2.3.2.jar noch in deren übergeordneten Dateien gefunden.
[22.05.19 21:25:29:656 MESZ] 00000025 m.ibm.ws.container.service.app.deploy.ManifestClassPathUtils W SRVE9967W: Der Manifestklassenpfad FastInfoset-1.2.16.jar wurde weder in der JAR-Datei file:/home/simon/.m2/repository/com/sun/xml/bind/jaxb-impl/2.3.2/jaxb-impl-2.3.2.jar noch in deren übergeordneten Dateien gefunden.
[22.05.19 21:25:29:657 MESZ] 00000025 m.ibm.ws.container.service.app.deploy.ManifestClassPathUtils W SRVE9967W: Der Manifestklassenpfad jakarta.activation-api-1.2.1.jar wurde weder in der JAR-Datei file:/home/simon/.m2/repository/com/sun/xml/bind/jaxb-impl/2.3.2/jaxb-impl-2.3.2.jar noch in deren übergeordneten Dateien gefunden.
[22.05.19 21:25:29:926 MESZ] 00000025 com.ibm.ws.session.WASSessionCore                            I SESN8501I: Der Sitzungsmanager konnte keine persistente Speicherposition finden. HttpSession-Objekte werden im lokalen Anwendungsserverspeicher gespeichert.
[22.05.19 21:25:29:957 MESZ] 00000025 org.jboss.weld.Version                                       I WELD-000900: 3.1.0 (Final)
[22.05.19 21:25:30:642 MESZ] 00000025 com.ibm.ws.webcontainer.osgi.webapp.WebGroup                 I SRVE0169I: Das Webmodul wird geladen: Liberty Project.
[22.05.19 21:25:30:645 MESZ] 00000025 com.ibm.ws.webcontainer                                      I SRVE0250I: Das Webmodul Liberty Project wurde an default_host gebunden.
[22.05.19 21:25:30:646 MESZ] 00000025 com.ibm.ws.http.internal.VirtualHostImpl                     A CWWKT0016I: Webanwendung verfügbar: (default_host): http://192.168.1.233:9000/broker/
[22.05.19 21:25:30:648 MESZ] 00000025 com.ibm.ws.app.manager.AppMessageHelper                      A CWWKZ0001I: Die Anwendung rest ist nach 1.150 Sekunden gestartet.
[22.05.19 21:25:30:674 MESZ] 0000001f com.ibm.ws.session.WASSessionCore                            I SESN0176I: Es wird ein neuer Sitzungskontext für den Anwendungsschlüssel default_host/broker erstellt.
[22.05.19 21:25:30:688 MESZ] 0000001f com.ibm.ws.util                                              I SESN0172I: Der Sitzungsmanager verwendet die SecureRandom-Java-Standardimplementierung für die Generierung von Sitzungs-IDs.
[22.05.19 21:25:30:718 MESZ] 0000001b com.ibm.ws.kernel.feature.internal.FeatureManager            A CWWKF0012I: Im Server wurden die folgenden Features installiert: [cdi-2.0, jaxrs-2.1, jaxrsClient-2.1, jndi-1.0, jsonp-1.1, servlet-4.0].
[22.05.19 21:25:30:719 MESZ] 0000001b com.ibm.ws.kernel.feature.internal.FeatureManager            I CWWKF0008I: Die Featureaktualisierung wurde in 2.043 Sekunden durchgeführt.
[22.05.19 21:25:30:720 MESZ] 0000001b com.ibm.ws.kernel.feature.internal.FeatureManager            A CWWKF0011I: Der Server defaultServer ist bereit.
[22.05.19 21:25:30:888 MESZ] 00000024 com.ibm.ws.webcontainer.osgi.mbeans.PluginGenerator          I SRVE9103I: Es wurde automatisch eine Konfigurationsdatei für ein Web-Server-Plug-in für diesen Server unter /home/simon/m226b-pa-bohler_wust/finish/back-end/target/liberty/wlp/usr/servers/defaultServer/logs/state/plugin-cfg.xml generiert.
[22.05.19 21:25:44:023 MESZ] 0000002f .apache.cxf.cxf.core.3.2:1.0.27.cl190420190419-0642(id=122)] I Setting the server's publish address to be /api/
[22.05.19 21:25:44:129 MESZ] 0000002f com.ibm.ws.webcontainer.servlet                              I SRVE0242I: [rest] [/broker] [inauen.tutorial.rest.SystemApplication]: Initialisierung erfolgreich.
