********************************************************************************
product = Open Liberty 19.0.0.4 (wlp-1.0.27.cl190420190419-0642)
wlp.install.dir = /home/simon/m226b-pa-bohler_wust/finish/back-end/target/liberty/wlp/
java.home = /usr/lib/jvm/java-8-openjdk-amd64/jre
java.version = 1.8.0_212
java.runtime = OpenJDK Runtime Environment (1.8.0_212-8u212-b03-0ubuntu1.16.04.1-b03)
os = Linux (4.15.0-34-generic; amd64) (de_CH)
process = 15795@Simoms
********************************************************************************
[22.05.19 21:25:05:283 MESZ] 00000001 com.ibm.ws.kernel.launch.internal.FrameworkManager           A CWWKE0001I: Der Server defaultServer wurde gestartet.
[22.05.19 21:25:05:933 MESZ] 00000001 com.ibm.ws.kernel.launch.internal.FrameworkManager           I CWWKE0002I: Der Kernel wurde nach  0.753 Sekunden gestartet.
[22.05.19 21:25:05:987 MESZ] 0000001b com.ibm.ws.kernel.feature.internal.FeatureManager            I CWWKF0007I: Die Featureaktualisierung wurde gestartet.
[22.05.19 21:25:06:805 MESZ] 00000012 com.ibm.ws.app.manager.internal.monitor.DropinMonitor        A CWWKZ0058I: dropins auf Anwendungen überwachen.
[22.05.19 21:25:07:035 MESZ] 00000021 com.ibm.ws.tcpchannel.internal.TCPChannel                    I CWWKO0219I: Der TCP-Kanal defaultHttpEndpoint wurde gestartet und ist jetzt für Anforderungen auf dem Host *  (IPv6) an Port 9000 empfangsbereit.
[22.05.19 21:25:07:384 MESZ] 00000026 com.ibm.ws.app.manager.AppMessageHelper                      I CWWKZ0018I: Die Anwendung rest wird gestartet.
[22.05.19 21:25:07:438 MESZ] 00000026 m.ibm.ws.container.service.app.deploy.ManifestClassPathUtils W SRVE9967W: Der Manifestklassenpfad jaxb-api.jar wurde weder in der JAR-Datei file:/home/simon/.m2/repository/com/sun/xml/bind/jaxb-core/2.3.0.1/jaxb-core-2.3.0.1.jar noch in deren übergeordneten Dateien gefunden.
[22.05.19 21:25:07:445 MESZ] 00000026 m.ibm.ws.container.service.app.deploy.ManifestClassPathUtils W SRVE9967W: Der Manifestklassenpfad jaxb-runtime-2.3.2.jar wurde weder in der JAR-Datei file:/home/simon/.m2/repository/com/sun/xml/bind/jaxb-impl/2.3.2/jaxb-impl-2.3.2.jar noch in deren übergeordneten Dateien gefunden.
[22.05.19 21:25:07:445 MESZ] 00000026 m.ibm.ws.container.service.app.deploy.ManifestClassPathUtils W SRVE9967W: Der Manifestklassenpfad txw2-2.3.2.jar wurde weder in der JAR-Datei file:/home/simon/.m2/repository/com/sun/xml/bind/jaxb-impl/2.3.2/jaxb-impl-2.3.2.jar noch in deren übergeordneten Dateien gefunden.
[22.05.19 21:25:07:446 MESZ] 00000026 m.ibm.ws.container.service.app.deploy.ManifestClassPathUtils W SRVE9967W: Der Manifestklassenpfad istack-commons-runtime-3.0.8.jar wurde weder in der JAR-Datei file:/home/simon/.m2/repository/com/sun/xml/bind/jaxb-impl/2.3.2/jaxb-impl-2.3.2.jar noch in deren übergeordneten Dateien gefunden.
[22.05.19 21:25:07:446 MESZ] 00000026 m.ibm.ws.container.service.app.deploy.ManifestClassPathUtils W SRVE9967W: Der Manifestklassenpfad stax-ex-1.8.1.jar wurde weder in der JAR-Datei file:/home/simon/.m2/repository/com/sun/xml/bind/jaxb-impl/2.3.2/jaxb-impl-2.3.2.jar noch in deren übergeordneten Dateien gefunden.
[22.05.19 21:25:07:446 MESZ] 00000026 m.ibm.ws.container.service.app.deploy.ManifestClassPathUtils W SRVE9967W: Der Manifestklassenpfad FastInfoset-1.2.16.jar wurde weder in der JAR-Datei file:/home/simon/.m2/repository/com/sun/xml/bind/jaxb-impl/2.3.2/jaxb-impl-2.3.2.jar noch in deren übergeordneten Dateien gefunden.
[22.05.19 21:25:07:446 MESZ] 00000026 m.ibm.ws.container.service.app.deploy.ManifestClassPathUtils W SRVE9967W: Der Manifestklassenpfad jakarta.activation-api-1.2.1.jar wurde weder in der JAR-Datei file:/home/simon/.m2/repository/com/sun/xml/bind/jaxb-impl/2.3.2/jaxb-impl-2.3.2.jar noch in deren übergeordneten Dateien gefunden.
[22.05.19 21:25:07:523 MESZ] 00000026 m.ibm.ws.container.service.app.deploy.ManifestClassPathUtils W SRVE9967W: Der Manifestklassenpfad jaxb-api.jar wurde weder in der JAR-Datei file:/home/simon/.m2/repository/com/sun/xml/bind/jaxb-core/2.3.0.1/jaxb-core-2.3.0.1.jar noch in deren übergeordneten Dateien gefunden.
[22.05.19 21:25:07:524 MESZ] 00000026 m.ibm.ws.container.service.app.deploy.ManifestClassPathUtils W SRVE9967W: Der Manifestklassenpfad jaxb-runtime-2.3.2.jar wurde weder in der JAR-Datei file:/home/simon/.m2/repository/com/sun/xml/bind/jaxb-impl/2.3.2/jaxb-impl-2.3.2.jar noch in deren übergeordneten Dateien gefunden.
[22.05.19 21:25:07:525 MESZ] 00000026 m.ibm.ws.container.service.app.deploy.ManifestClassPathUtils W SRVE9967W: Der Manifestklassenpfad txw2-2.3.2.jar wurde weder in der JAR-Datei file:/home/simon/.m2/repository/com/sun/xml/bind/jaxb-impl/2.3.2/jaxb-impl-2.3.2.jar noch in deren übergeordneten Dateien gefunden.
[22.05.19 21:25:07:525 MESZ] 00000026 m.ibm.ws.container.service.app.deploy.ManifestClassPathUtils W SRVE9967W: Der Manifestklassenpfad istack-commons-runtime-3.0.8.jar wurde weder in der JAR-Datei file:/home/simon/.m2/repository/com/sun/xml/bind/jaxb-impl/2.3.2/jaxb-impl-2.3.2.jar noch in deren übergeordneten Dateien gefunden.
[22.05.19 21:25:07:525 MESZ] 00000026 m.ibm.ws.container.service.app.deploy.ManifestClassPathUtils W SRVE9967W: Der Manifestklassenpfad stax-ex-1.8.1.jar wurde weder in der JAR-Datei file:/home/simon/.m2/repository/com/sun/xml/bind/jaxb-impl/2.3.2/jaxb-impl-2.3.2.jar noch in deren übergeordneten Dateien gefunden.
[22.05.19 21:25:07:526 MESZ] 00000026 m.ibm.ws.container.service.app.deploy.ManifestClassPathUtils W SRVE9967W: Der Manifestklassenpfad FastInfoset-1.2.16.jar wurde weder in der JAR-Datei file:/home/simon/.m2/repository/com/sun/xml/bind/jaxb-impl/2.3.2/jaxb-impl-2.3.2.jar noch in deren übergeordneten Dateien gefunden.
[22.05.19 21:25:07:526 MESZ] 00000026 m.ibm.ws.container.service.app.deploy.ManifestClassPathUtils W SRVE9967W: Der Manifestklassenpfad jakarta.activation-api-1.2.1.jar wurde weder in der JAR-Datei file:/home/simon/.m2/repository/com/sun/xml/bind/jaxb-impl/2.3.2/jaxb-impl-2.3.2.jar noch in deren übergeordneten Dateien gefunden.
[22.05.19 21:25:07:733 MESZ] 00000026 com.ibm.ws.session.WASSessionCore                            I SESN8501I: Der Sitzungsmanager konnte keine persistente Speicherposition finden. HttpSession-Objekte werden im lokalen Anwendungsserverspeicher gespeichert.
[22.05.19 21:25:07:762 MESZ] 00000026 org.jboss.weld.Version                                       I WELD-000900: 3.1.0 (Final)
[22.05.19 21:25:08:423 MESZ] 00000026 com.ibm.ws.webcontainer.osgi.webapp.WebGroup                 I SRVE0169I: Das Webmodul wird geladen: Liberty Project.
[22.05.19 21:25:08:427 MESZ] 00000026 com.ibm.ws.webcontainer                                      I SRVE0250I: Das Webmodul Liberty Project wurde an default_host gebunden.
[22.05.19 21:25:08:427 MESZ] 00000026 com.ibm.ws.http.internal.VirtualHostImpl                     A CWWKT0016I: Webanwendung verfügbar: (default_host): http://192.168.1.233:9000/broker/
[22.05.19 21:25:08:430 MESZ] 00000026 com.ibm.ws.app.manager.AppMessageHelper                      A CWWKZ0001I: Die Anwendung rest ist nach 1.046 Sekunden gestartet.
[22.05.19 21:25:08:462 MESZ] 0000001b com.ibm.ws.kernel.feature.internal.FeatureManager            A CWWKF0012I: Im Server wurden die folgenden Features installiert: [cdi-2.0, jaxrs-2.1, jaxrsClient-2.1, jndi-1.0, jsonp-1.1, servlet-4.0].
[22.05.19 21:25:08:462 MESZ] 0000001b com.ibm.ws.kernel.feature.internal.FeatureManager            I CWWKF0008I: Die Featureaktualisierung wurde in 2.528 Sekunden durchgeführt.
[22.05.19 21:25:08:462 MESZ] 0000001b com.ibm.ws.kernel.feature.internal.FeatureManager            A CWWKF0011I: Der Server defaultServer ist bereit.
[22.05.19 21:25:08:463 MESZ] 00000025 com.ibm.ws.session.WASSessionCore                            I SESN0176I: Es wird ein neuer Sitzungskontext für den Anwendungsschlüssel default_host/broker erstellt.
[22.05.19 21:25:08:474 MESZ] 00000025 com.ibm.ws.util                                              I SESN0172I: Der Sitzungsmanager verwendet die SecureRandom-Java-Standardimplementierung für die Generierung von Sitzungs-IDs.
[22.05.19 21:25:08:994 MESZ] 00000010 com.ibm.ws.kernel.launch.internal.ServerCommandListener      A CWWKE0055I: Herunterfahren des Servers angefordert am Mittwoch, 22. Mai 2019 um 21:25. Der Server defaultServer wird beendet.
[22.05.19 21:25:08:996 MESZ] 0000002c com.ibm.ws.runtime.update.internal.RuntimeUpdateManagerImpl  A CWWKE1100I: Es wird bis zu 30 Sekunden auf die Stilllegung des Servers gewartet.
[22.05.19 21:25:08:999 MESZ] 00000026 com.ibm.ws.tcpchannel.internal.TCPChannel                    I CWWKO0220I: Der TCP-Kanal defaultHttpEndpoint ist auf Host *  (IPv6) an Port 9000 nicht mehr für Anforderungen empfangsbereit.
[22.05.19 21:25:09:000 MESZ] 00000026 com.ibm.ws.http.internal.VirtualHostImpl                     A CWWKT0017I: Webanwendung entfernt (default_host): http://192.168.1.233:9000/broker/
[22.05.19 21:25:13:629 MESZ] 0000001f com.ibm.ws.webcontainer.osgi.mbeans.PluginGenerator          I SRVE9103I: Es wurde automatisch eine Konfigurationsdatei für ein Web-Server-Plug-in für diesen Server unter /home/simon/m226b-pa-bohler_wust/finish/back-end/target/liberty/wlp/usr/servers/defaultServer/logs/state/plugin-cfg.xml generiert.
[22.05.19 21:25:13:629 MESZ] 0000002c com.ibm.ws.runtime.update.internal.RuntimeUpdateManagerImpl  I CWWKE1101I: Serverstilllegung abgeschlossen.
[22.05.19 21:25:13:650 MESZ] 00000021 com.ibm.ws.app.manager.AppMessageHelper                      A CWWKZ0009I: Die Anwendung rest wurde erfolgreich gestoppt.
[22.05.19 21:25:13:911 MESZ] 00000001 com.ibm.ws.kernel.launch.internal.FrameworkManager           A CWWKE0036I: Der Server defaultServer wurde nach 8.731 Sekunden gestoppt.
